@echo off
setlocal enabledelayedexpansion

set "start_folder=E:\"
set "logDir=E:\protected\scriptsCleans"
set "logFile=!logDir!\cleanup_log_%date:~10,4%-%date:~4,2%-%date:~7,2%.txt"

if not exist "!logDir!" mkdir "!logDir!"

pushd %start_folder%
for /d %%i in (jenkins-*) do (
    pushd "%%i"
    
    for /r %%j in (*.log) do (
        set "filename=%%~nxj"

        if /i not "!filename!"=="jenkins-slave.err.log" (
            if /i not "!filename!"=="jenkins-slave.out.log" (
                if /i not "!filename!"=="Jenkins-slave.wrapper.log" (
                    del "%%j" /q >> "!logFile!" 2^>^&1
                )
            )
        )
    )

    popd
)
popd

echo Suppression des fichiers .log terminée. Les détails sont enregistrés dans "!logFile!".
